This file contains any messages produced by compilers while
running configure, to aid debugging if configure makes a mistake.

It was created by ickle configure 0.1.0, which was
generated by GNU Autoconf 2.52.  Invocation command line was

  $ ./configure 

## ---------- ##
## Platform.  ##
## ---------- ##

hostname = purple
uname -m = i686
uname -r = 2.4.10
uname -s = Linux
uname -v = #1 Tue Oct 2 18:57:21 BST 2001

/usr/bin/uname -p = unknown
/bin/uname -X     = unknown

/bin/arch              = i686
/usr/bin/arch -k       = unknown
/usr/convex/getsysinfo = unknown
hostinfo               = unknown
/bin/machine           = unknown
/usr/bin/oslevel       = unknown
/bin/universe          = unknown

PATH = /usr/local/bin:/usr/bin:/bin:/usr/bin/X11:/usr/games

## ------------ ##
## Core tests.  ##
## ------------ ##

configure:1159: PATH=".;."; conftest.sh
./configure: conftest.sh: command not found
configure:1162: $? = 127
configure:1208: checking for a BSD compatible install
configure:1257: result: /usr/bin/install -c
configure:1268: checking whether build environment is sane
configure:1311: result: yes
configure:1326: checking whether make sets ${MAKE}
configure:1346: result: yes
configure:1374: checking for working aclocal
configure:1381: result: found
configure:1389: checking for working autoconf
configure:1396: result: found
configure:1404: checking for working automake
configure:1411: result: found
configure:1419: checking for working autoheader
configure:1426: result: found
configure:1434: checking for working makeinfo
configure:1441: result: found
configure:1503: checking for g++
configure:1518: found /usr/bin/g++
configure:1526: result: g++
configure:1541: checking for C++ compiler version
configure:1544: g++ --version </dev/null >&5
2.95.4
configure:1547: $? = 0
configure:1549: g++ -v </dev/null >&5
Reading specs from /usr/lib/gcc-lib/i386-linux/2.95.4/specs
gcc version 2.95.4 20010902 (Debian prerelease)
configure:1552: $? = 0
configure:1554: g++ -V </dev/null >&5
g++: argument to `-V' missing

configure:1557: $? = 1
configure:1577: checking for C++ compiler default output
configure:1580: g++    conftest.cc  >&5
configure:1583: $? = 0
configure:1612: result: a.out
configure:1617: checking whether the C++ compiler works
configure:1623: ./a.out
configure:1626: $? = 0
configure:1641: result: yes
configure:1648: checking whether we are cross compiling
configure:1650: result: no
configure:1653: checking for executable suffix
configure:1655: g++ -o conftest    conftest.cc  >&5
configure:1658: $? = 0
configure:1680: result: 
configure:1686: checking for object suffix
configure:1704: g++ -c   conftest.cc >&5
configure:1707: $? = 0
configure:1726: result: o
configure:1730: checking whether we are using the GNU C++ compiler
configure:1751: g++ -c   conftest.cc >&5
configure:1754: $? = 0
configure:1757: test -s conftest.o
configure:1760: $? = 0
configure:1772: result: yes
configure:1778: checking whether g++ accepts -g
configure:1796: g++ -c -g  conftest.cc >&5
configure:1799: $? = 0
configure:1802: test -s conftest.o
configure:1805: $? = 0
configure:1815: result: yes
configure:1855: g++ -c -g -O2  conftest.cc >&5
configure:1858: $? = 0
configure:1861: test -s conftest.o
configure:1864: $? = 0
configure:1886: g++ -c -g -O2  conftest.cc >&5
configure:1889: $? = 0
configure:1892: test -s conftest.o
configure:1895: $? = 0
configure:1960: checking for gcc
configure:1975: found /usr/bin/gcc
configure:1983: result: gcc
configure:2211: checking for C compiler version
configure:2214: gcc --version </dev/null >&5
2.95.4
configure:2217: $? = 0
configure:2219: gcc -v </dev/null >&5
Reading specs from /usr/lib/gcc-lib/i386-linux/2.95.4/specs
gcc version 2.95.4 20010902 (Debian prerelease)
configure:2222: $? = 0
configure:2224: gcc -V </dev/null >&5
gcc: argument to `-V' is missing
configure:2227: $? = 1
configure:2230: checking whether we are using the GNU C compiler
configure:2251: gcc -c   conftest.c >&5
configure:2254: $? = 0
configure:2257: test -s conftest.o
configure:2260: $? = 0
configure:2272: result: yes
configure:2278: checking whether gcc accepts -g
configure:2296: gcc -c -g  conftest.c >&5
configure:2299: $? = 0
configure:2302: test -s conftest.o
configure:2305: $? = 0
configure:2315: result: yes
configure:2342: gcc -c -g -O2  conftest.c >&5
conftest.c:2: parse error before `me'
configure:2345: $? = 1
configure: failed program was:
#ifndef __cplusplus
  choke me
#endif
configure:2486: checking for gcc
configure:2509: result: gcc
configure:2737: checking for C compiler version
configure:2740: gcc --version </dev/null >&5
2.95.4
configure:2743: $? = 0
configure:2745: gcc -v </dev/null >&5
Reading specs from /usr/lib/gcc-lib/i386-linux/2.95.4/specs
gcc version 2.95.4 20010902 (Debian prerelease)
configure:2748: $? = 0
configure:2750: gcc -V </dev/null >&5
gcc: argument to `-V' is missing
configure:2753: $? = 1
configure:2756: checking whether we are using the GNU C compiler
configure:2798: result: yes
configure:2804: checking whether gcc accepts -g
configure:2841: result: yes
configure:2868: gcc -c -g -O2  conftest.c >&5
conftest.c:2: parse error before `me'
configure:2871: $? = 1
configure: failed program was:
#ifndef __cplusplus
  choke me
#endif
configure:2974: checking how to run the C preprocessor
configure:3000: gcc -E  conftest.c
configure:3006: $? = 0
configure:3033: gcc -E  conftest.c
configure:3030: ac_nonexistent.h: No such file or directory
configure:3039: $? = 1
configure: failed program was:
#line 3029 "configure"
#include "confdefs.h"
#include <ac_nonexistent.h>
configure:3076: result: gcc -E
configure:3091: gcc -E  conftest.c
configure:3097: $? = 0
configure:3124: gcc -E  conftest.c
configure:3121: ac_nonexistent.h: No such file or directory
configure:3130: $? = 1
configure: failed program was:
#line 3120 "configure"
#include "confdefs.h"
#include <ac_nonexistent.h>
configure:3181: checking for a BSD compatible install
configure:3230: result: /usr/bin/install -c
configure:3241: checking whether ln -s works
configure:3245: result: yes
configure:3252: checking whether make sets ${MAKE}
configure:3272: result: yes
configure:3319: checking for ranlib
configure:3334: found /usr/bin/ranlib
configure:3343: result: ranlib
configure:3427: checking build system type
configure:3445: result: i686-pc-linux-gnu
configure:3452: checking host system type
configure:3466: result: i686-pc-linux-gnu
configure:3494: checking for ld used by GCC
configure:3557: result: /usr/bin/ld
configure:3566: checking if the linker (/usr/bin/ld) is GNU ld
GNU ld version 2.11.90.0.31 (with BFD 2.11.90.0.31)
configure:3578: result: yes
configure:3582: checking for /usr/bin/ld option to reload object files
configure:3589: result: -r
configure:3594: checking for BSD-compatible nm
configure:3630: result: /usr/bin/nm -B
configure:3633: checking how to recognise dependant libraries
configure:3811: result: pass_all
configure:3817: checking command to parse /usr/bin/nm -B output
configure:3898: gcc -c -g -O2  conftest.c >&5
configure:3901: $? = 0
configure:3905: /usr/bin/nm -B conftest.o \| sed -n -e 's/^.*[ 	]\([ABCDGISTW][ABCDGISTW]*\)[ 	][ 	]*\(\)\([_A-Za-z][_A-Za-z0-9]*\)$/\1 \2\3 \3/p' \> conftest.nm
configure:3908: $? = 0
configure:3960: gcc -o conftest -g -O2   conftest.c conftstm.o >&5
configure:3963: $? = 0
configure:4007: result: ok
configure:4014: checking for dlfcn.h
configure:4024: gcc -E  conftest.c
configure:4030: $? = 0
configure:4049: result: yes
configure:4236: checking for ranlib
configure:4260: result: ranlib
configure:4310: checking for strip
configure:4325: found /usr/bin/strip
configure:4334: result: strip
configure:4536: checking for objdir
configure:4547: result: .libs
configure:4562: checking for gcc option to produce PIC
configure:4712: result: -fPIC
configure:4716: checking if gcc PIC flag -fPIC works
configure:4736: gcc -c -g -O2 -fPIC -DPIC  conftest.c >&5
configure:4739: $? = 0
configure:4742: test -s conftest.o
configure:4745: $? = 0
configure:4781: result: yes
configure:4797: checking if gcc static flag -static works
configure:4818: gcc -o conftest -g -O2   -static conftest.c  >&5
configure:4821: $? = 0
configure:4824: test -s conftest
configure:4827: $? = 0
configure:4841: result: yes
configure:4852: checking if gcc supports -c -o file.o
configure:4872: gcc -c -g -O2 -o out/conftest2.o  conftest.c >&5
configure:4896: result: yes
configure:4901: checking if gcc supports -c -o file.lo
configure:4925: gcc -c -g -O2 -c -o conftest.lo  conftest.c >&5
configure:4928: $? = 0
configure:4931: test -s conftest.lo
configure:4934: $? = 0
configure:4955: result: yes
configure:4986: checking if gcc supports -fno-rtti -fno-exceptions
configure:5005: gcc -c -g -O2 -fno-rtti -fno-exceptions -c conftest.c  conftest.c >&5
configure:5008: $? = 0
configure:5011: test -s conftest.o
configure:5014: $? = 0
configure:5030: result: yes
configure:5041: checking whether the linker (/usr/bin/ld) supports shared libraries
configure:5721: result: yes
configure:5726: checking how to hardcode library paths into programs
configure:5750: result: immediate
configure:5755: checking whether stripping libraries is possible
configure:5760: result: yes
configure:5771: checking dynamic linker characteristics
configure:6164: result: GNU/Linux ld.so
configure:6169: checking if libtool supports shared libraries
configure:6171: result: yes
configure:6174: checking whether to build shared libraries
configure:6195: result: yes
configure:6198: checking whether to build static libraries
configure:6202: result: yes
configure:6820: checking whether -lc should be explicitly linked in
configure:6828: gcc -c -g -O2  conftest.c >&5
configure:6831: $? = 0
configure:6845: gcc -shared conftest.o  -v -Wl,-soname -Wl,conftest -o conftest 2\>\&1 \| grep  -lc  \>/dev/null 2\>\&1
configure:6848: $? = 0
configure:6861: result: no
configure:7427: checking for ANSI C header files
configure:7441: gcc -E  conftest.c
configure:7447: $? = 0
configure:7534: gcc -o conftest -g -O2   conftest.c  >&5
configure:7537: $? = 0
configure:7539: ./conftest
configure:7542: $? = 0
configure:7555: result: yes
configure:7568: checking for errno.h
configure:7578: gcc -E  conftest.c
configure:7584: $? = 0
configure:7603: result: yes
configure:7568: checking for fcntl.h
configure:7578: gcc -E  conftest.c
configure:7584: $? = 0
configure:7603: result: yes
configure:7568: checking for netdb.h
configure:7578: gcc -E  conftest.c
configure:7584: $? = 0
configure:7603: result: yes
configure:7568: checking for netinet/in.h
configure:7578: gcc -E  conftest.c
configure:7584: $? = 0
configure:7603: result: yes
configure:7568: checking for stdlib.h
configure:7578: gcc -E  conftest.c
configure:7584: $? = 0
configure:7603: result: yes
configure:7568: checking for string.h
configure:7578: gcc -E  conftest.c
configure:7584: $? = 0
configure:7603: result: yes
configure:7568: checking for sys/socket.h
configure:7578: gcc -E  conftest.c
configure:7584: $? = 0
configure:7603: result: yes
configure:7568: checking for sys/time.h
configure:7578: gcc -E  conftest.c
configure:7584: $? = 0
configure:7603: result: yes
configure:7568: checking for unistd.h
configure:7578: gcc -E  conftest.c
configure:7584: $? = 0
configure:7603: result: yes
configure:7624: checking how to run the C++ preprocessor
configure:7646: g++ -E  conftest.cc
configure:7652: $? = 0
configure:7679: g++ -E  conftest.cc
configure:7676: ac_nonexistent.h: No such file or directory
configure:7685: $? = 1
configure: failed program was:
#line 7675 "configure"
#include "confdefs.h"
#include <ac_nonexistent.h>
configure:7722: result: g++ -E
configure:7737: g++ -E  conftest.cc
configure:7743: $? = 0
configure:7770: g++ -E  conftest.cc
configure:7767: ac_nonexistent.h: No such file or directory
configure:7776: $? = 1
configure: failed program was:
#line 7766 "configure"
#include "confdefs.h"
#include <ac_nonexistent.h>
configure:7815: checking for vector.h
configure:7825: g++ -E  conftest.cc
configure:7831: $? = 0
configure:7850: result: yes
configure:7907: checking for sigc-config
configure:7924: found /usr/bin/sigc-config
configure:7936: result: /usr/bin/sigc-config
configure:7945: checking for libsigc++ - version >= 1.0.0
configure:7980: result: 1.0.3
configure:7999: checking if libsigc++ sane
configure:8043: g++ -o conftest -g -O2 -I/usr/lib/sigc++/include   conftest.cc  -lsigc -lpthread >&5
configure:8046: $? = 0
configure:8048: ./conftest
configure:8051: $? = 0
configure:8054: result: yes
configure:8130: checking for gtkmm-config
configure:8147: found /usr/bin/gtkmm-config
configure:8159: result: /usr/bin/gtkmm-config
configure:8168: checking for GTK-- - version >= 1.2.0
configure:8279: g++ -o conftest -g -O2 -I/usr/lib/gtkmm/include -I/usr/include/gtk-1.2 -I/usr/include/glib-1.2 -I/usr/lib/glib/include -I/usr/lib/sigc++/include   conftest.cc  -rdynamic -L/usr/lib -L/usr/X11R6/lib -lgtkmm -lgdkmm -lgtk -lgdk -lgmodule -lglib -ldl -lXi -lXext -lX11 -lm -lsigc -lpthread >&5
configure:8282: $? = 0
configure:8284: ./conftest
configure:8287: $? = 0
configure:8303: result: yes
configure:8388: checking for gcc option to accept ANSI C
configure:8445: gcc  -c -g -O2  conftest.c >&5
configure:8448: $? = 0
configure:8451: test -s conftest.o
configure:8454: $? = 0
configure:8471: result: none needed
configure:8479: checking for an ANSI C-conforming const
configure:8543: gcc -c -g -O2  conftest.c >&5
configure:8546: $? = 0
configure:8549: test -s conftest.o
configure:8552: $? = 0
configure:8562: result: yes
configure:8578: checking for sys/types.h
configure:8590: gcc -c -g -O2  conftest.c >&5
configure:8593: $? = 0
configure:8596: test -s conftest.o
configure:8599: $? = 0
configure:8609: result: yes
configure:8578: checking for sys/stat.h
configure:8590: gcc -c -g -O2  conftest.c >&5
configure:8593: $? = 0
configure:8596: test -s conftest.o
configure:8599: $? = 0
configure:8609: result: yes
configure:8578: checking for stdlib.h
configure:8609: result: yes
configure:8578: checking for string.h
configure:8609: result: yes
configure:8578: checking for memory.h
configure:8590: gcc -c -g -O2  conftest.c >&5
configure:8593: $? = 0
configure:8596: test -s conftest.o
configure:8599: $? = 0
configure:8609: result: yes
configure:8578: checking for strings.h
configure:8590: gcc -c -g -O2  conftest.c >&5
configure:8593: $? = 0
configure:8596: test -s conftest.o
configure:8599: $? = 0
configure:8609: result: yes
configure:8578: checking for inttypes.h
configure:8590: gcc -c -g -O2  conftest.c >&5
configure:8593: $? = 0
configure:8596: test -s conftest.o
configure:8599: $? = 0
configure:8609: result: yes
configure:8578: checking for stdint.h
configure:8590: gcc -c -g -O2  conftest.c >&5
configure:8593: $? = 0
configure:8596: test -s conftest.o
configure:8599: $? = 0
configure:8609: result: yes
configure:8578: checking for unistd.h
configure:8609: result: yes
configure:8619: checking for size_t
configure:8640: gcc -c -g -O2  conftest.c >&5
configure:8643: $? = 0
configure:8646: test -s conftest.o
configure:8649: $? = 0
configure:8659: result: yes
configure:8671: checking whether struct tm is in sys/time.h or time.h
configure:8691: gcc -c -g -O2  conftest.c >&5
configure:8694: $? = 0
configure:8697: test -s conftest.o
configure:8700: $? = 0
configure:8710: result: time.h
configure:8720: checking for inline
configure:8737: gcc -c -g -O2  conftest.c >&5
configure:8740: $? = 0
configure:8743: test -s conftest.o
configure:8746: $? = 0
configure:8757: result: inline
configure:8772: checking whether time.h and sys/time.h may both be included
configure:8794: gcc -c -g -O2  conftest.c >&5
configure:8797: $? = 0
configure:8800: test -s conftest.o
configure:8803: $? = 0
configure:8813: result: yes
configure:8828: checking for sys/time.h
configure:8863: result: yes
configure:8828: checking for unistd.h
configure:8863: result: yes
configure:8876: checking for alarm
configure:8913: gcc -o conftest -g -O2   conftest.c  >&5
configure:8916: $? = 0
configure:8919: test -s conftest
configure:8922: $? = 0
configure:8932: result: yes
configure:8942: checking for working mktime
configure:9100: gcc -o conftest -g -O2   conftest.c  >&5
configure:9103: $? = 0
configure:9105: ./conftest
configure:9108: $? = 0
configure:9120: result: yes
configure:9126: checking whether lstat dereferences a symlink specified with a trailing slash
configure:9154: gcc -o conftest -g -O2   conftest.c  >&5
configure:9157: $? = 0
configure:9159: ./conftest
configure:9162: $? = 0
configure:9181: result: yes
configure:9194: checking whether stat accepts an empty string
configure:9216: gcc -o conftest -g -O2   conftest.c  >&5
configure:9219: $? = 0
configure:9221: ./conftest
configure:9224: $? = 1
configure: program exited with status 1
configure: failed program was:
#line 9203 "configure"
#include "confdefs.h"
#include <stdio.h>
#if HAVE_SYS_TYPES_H
# include <sys/types.h>
#endif
#if HAVE_SYS_STAT_H
# include <sys/stat.h>
#endif
#if STDC_HEADERS
# include <stdlib.h>
# include <stddef.h>
#else
# if HAVE_STDLIB_H
#  include <stdlib.h>
# endif
#endif
#if HAVE_STRING_H
# if !STDC_HEADERS && HAVE_MEMORY_H
#  include <memory.h>
# endif
# include <string.h>
#endif
#if HAVE_STRINGS_H
# include <strings.h>
#endif
#if HAVE_INTTYPES_H
# include <inttypes.h>
#else
# if HAVE_STDINT_H
#  include <stdint.h>
# endif
#endif
#if HAVE_UNISTD_H
# include <unistd.h>
#endif
int
main ()
{
struct stat sbuf;
  exit (stat ("", &sbuf) ? 1 : 0);
  ;
  return 0;
}
configure:9236: result: no
configure:9250: checking for strftime
configure:9287: gcc -o conftest -g -O2   conftest.c  >&5
configure:9290: $? = 0
configure:9293: test -s conftest
configure:9296: $? = 0
configure:9306: result: yes
configure:9378: checking for gethostbyname
configure:9415: gcc -o conftest -g -O2   conftest.c  >&5
configure:9418: $? = 0
configure:9421: test -s conftest
configure:9424: $? = 0
configure:9434: result: yes
configure:9378: checking for gethostname
configure:9415: gcc -o conftest -g -O2   conftest.c  >&5
configure:9418: $? = 0
configure:9421: test -s conftest
configure:9424: $? = 0
configure:9434: result: yes
configure:9378: checking for mkdir
configure:9415: gcc -o conftest -g -O2   conftest.c  >&5
configure:9418: $? = 0
configure:9421: test -s conftest
configure:9424: $? = 0
configure:9434: result: yes
configure:9378: checking for select
configure:9415: gcc -o conftest -g -O2   conftest.c  >&5
configure:9418: $? = 0
configure:9421: test -s conftest
configure:9424: $? = 0
configure:9434: result: yes
configure:9378: checking for socket
configure:9415: gcc -o conftest -g -O2   conftest.c  >&5
configure:9418: $? = 0
configure:9421: test -s conftest
configure:9424: $? = 0
configure:9434: result: yes
configure:9378: checking for strerror
configure:9415: gcc -o conftest -g -O2   conftest.c  >&5
configure:9418: $? = 0
configure:9421: test -s conftest
configure:9424: $? = 0
configure:9434: result: yes
configure:9525: creating ./config.status

## ----------------------- ##
## Running config.status.  ##
## ----------------------- ##

This file was extended by config.status (ickle 0.1.0) 2.52, executed with
  CONFIG_FILES    = 
  CONFIG_HEADERS  = 
  CONFIG_LINKS    = 
  CONFIG_COMMANDS = 
  > ./config.status 
on purple

config.status:10010: creating Makefile
config.status:10010: creating src/Makefile
config.status:10010: creating test/Makefile
config.status:10010: creating ickle/Makefile
config.status:10102: creating config.h

## ----------------- ##
## Cache variables.  ##
## ----------------- ##

ac_cv_build=i686-pc-linux-gnu
ac_cv_build_alias=i686-pc-linux-gnu
ac_cv_c_compiler_gnu=yes
ac_cv_c_const=yes
ac_cv_c_inline=inline
ac_cv_cxx_compiler_gnu=yes
ac_cv_env_CC_set=
ac_cv_env_CC_value=
ac_cv_env_CFLAGS_set=
ac_cv_env_CFLAGS_value=
ac_cv_env_CPPFLAGS_set=
ac_cv_env_CPPFLAGS_value=
ac_cv_env_CPP_set=
ac_cv_env_CPP_value=
ac_cv_env_CXXCPP_set=
ac_cv_env_CXXCPP_value=
ac_cv_env_CXXFLAGS_set=
ac_cv_env_CXXFLAGS_value=
ac_cv_env_CXX_set=
ac_cv_env_CXX_value=
ac_cv_env_LDFLAGS_set=
ac_cv_env_LDFLAGS_value=
ac_cv_env_build_alias_set=
ac_cv_env_build_alias_value=
ac_cv_env_host_alias_set=
ac_cv_env_host_alias_value=
ac_cv_env_target_alias_set=
ac_cv_env_target_alias_value=
ac_cv_func_alarm=yes
ac_cv_func_gethostbyname=yes
ac_cv_func_gethostname=yes
ac_cv_func_lstat_dereferences_slashed_symlink=yes
ac_cv_func_mkdir=yes
ac_cv_func_select=yes
ac_cv_func_socket=yes
ac_cv_func_stat_empty_string_bug=no
ac_cv_func_strerror=yes
ac_cv_func_strftime=yes
ac_cv_func_working_mktime=yes
ac_cv_header_dlfcn_h=yes
ac_cv_header_errno_h=yes
ac_cv_header_fcntl_h=yes
ac_cv_header_inttypes_h=yes
ac_cv_header_memory_h=yes
ac_cv_header_netdb_h=yes
ac_cv_header_netinet_in_h=yes
ac_cv_header_stdc=yes
ac_cv_header_stdint_h=yes
ac_cv_header_stdlib_h=yes
ac_cv_header_string_h=yes
ac_cv_header_strings_h=yes
ac_cv_header_sys_socket_h=yes
ac_cv_header_sys_stat_h=yes
ac_cv_header_sys_time_h=yes
ac_cv_header_sys_types_h=yes
ac_cv_header_time=yes
ac_cv_header_unistd_h=yes
ac_cv_header_vector_h=yes
ac_cv_host=i686-pc-linux-gnu
ac_cv_host_alias=i686-pc-linux-gnu
ac_cv_objext=o
ac_cv_path_GTKMM_CONFIG=/usr/bin/gtkmm-config
ac_cv_path_SIGC_CONFIG=/usr/bin/sigc-config
ac_cv_path_install=$'/usr/bin/install -c'
ac_cv_prog_CPP=$'gcc -E'
ac_cv_prog_CXXCPP=$'g++ -E'
ac_cv_prog_ac_ct_CC=gcc
ac_cv_prog_ac_ct_CXX=g++
ac_cv_prog_ac_ct_RANLIB=ranlib
ac_cv_prog_ac_ct_STRIP=strip
ac_cv_prog_cc_g=yes
ac_cv_prog_cc_stdc=
ac_cv_prog_cxx_g=yes
ac_cv_prog_make_make_set=yes
ac_cv_struct_tm=time.h
ac_cv_type_size_t=yes
lt_cv_archive_cmds_need_lc=no
lt_cv_compiler_c_o=yes
lt_cv_compiler_o_lo=yes
lt_cv_deplibs_check_method=pass_all
lt_cv_file_magic_cmd=$'$MAGIC_CMD'
lt_cv_file_magic_test_file=$'/lib/libc.so.6 /lib/libc-2.2.4.so'
lt_cv_global_symbol_to_c_name_address=$'sed -n -e \'s/^: \\([^ ]*\\) $/  {\\"\\1\\", (lt_ptr) 0},/p\' -e \'s/^[BCDEGRST] \\([^ ]*\\) \\([^ ]*\\)$/  {"\\2", (lt_ptr) \\&\\2},/p\''
lt_cv_global_symbol_to_cdecl=$'sed -n -e \'s/^. .* \\(.*\\)$/extern char \\1;/p\''
lt_cv_ld_reload_flag=-r
lt_cv_path_LD=/usr/bin/ld
lt_cv_path_NM=$'/usr/bin/nm -B'
lt_cv_prog_cc_can_build_shared=yes
lt_cv_prog_cc_no_builtin=
lt_cv_prog_cc_pic=$' -fPIC'
lt_cv_prog_cc_pic_works=yes
lt_cv_prog_cc_shlib=
lt_cv_prog_cc_static=-static
lt_cv_prog_cc_static_works=yes
lt_cv_prog_cc_wl=-Wl,
lt_cv_prog_gnu_ld=yes
lt_cv_sys_global_symbol_pipe=$'sed -n -e \'s/^.*[ \t]\\([ABCDGISTW][ABCDGISTW]*\\)[ \t][ \t]*\\(\\)\\([_A-Za-z][_A-Za-z0-9]*\\)$/\\1 \\2\\3 \\3/p\''
lt_cv_sys_path_separator=:

## ------------ ##
## confdefs.h.  ##
## ------------ ##

#define PACKAGE "ickle"
#define VERSION "0.1.0"
#define HAVE_DLFCN_H 1
#define STDC_HEADERS 1
#define HAVE_ERRNO_H 1
#define HAVE_FCNTL_H 1
#define HAVE_NETDB_H 1
#define HAVE_NETINET_IN_H 1
#define HAVE_STDLIB_H 1
#define HAVE_STRING_H 1
#define HAVE_SYS_SOCKET_H 1
#define HAVE_SYS_TIME_H 1
#define HAVE_UNISTD_H 1
#define HAVE_SYS_TYPES_H 1
#define HAVE_SYS_STAT_H 1
#define HAVE_STDLIB_H 1
#define HAVE_STRING_H 1
#define HAVE_MEMORY_H 1
#define HAVE_STRINGS_H 1
#define HAVE_INTTYPES_H 1
#define HAVE_STDINT_H 1
#define HAVE_UNISTD_H 1
#define TIME_WITH_SYS_TIME 1
#define HAVE_SYS_TIME_H 1
#define HAVE_UNISTD_H 1
#define HAVE_ALARM 1
#define LSTAT_FOLLOWS_SLASHED_SYMLINK 1
#define HAVE_STRFTIME 1
#define HAVE_GETHOSTBYNAME 1
#define HAVE_GETHOSTNAME 1
#define HAVE_MKDIR 1
#define HAVE_SELECT 1
#define HAVE_SOCKET 1
#define HAVE_STRERROR 1


configure: exit 0

## ----------------------- ##
## Running config.status.  ##
## ----------------------- ##

This file was extended by config.status (ickle 0.1.0) 2.52, executed with
  CONFIG_FILES    = src/Makefile
  CONFIG_HEADERS  = 
  CONFIG_LINKS    = 
  CONFIG_COMMANDS = 
  > ./config.status 
on purple

config.status:10010: creating src/Makefile

## ----------------------- ##
## Running config.status.  ##
## ----------------------- ##

This file was extended by config.status (ickle 0.1.0) 2.52, executed with
  CONFIG_FILES    = test/Makefile
  CONFIG_HEADERS  = 
  CONFIG_LINKS    = 
  CONFIG_COMMANDS = 
  > ./config.status 
on purple

config.status:10010: creating test/Makefile

## ----------------------- ##
## Running config.status.  ##
## ----------------------- ##

This file was extended by config.status (ickle 0.1.0) 2.52, executed with
  CONFIG_FILES    = ickle/Makefile
  CONFIG_HEADERS  = 
  CONFIG_LINKS    = 
  CONFIG_COMMANDS = 
  > ./config.status 
on purple

config.status:10010: creating ickle/Makefile
